(MainThread) 230403_00:34:43.408 ERROR wrapper.py:57 ERROR -1 2104 Market data farm connection is OK:usfarm.nj
(MainThread) 230403_00:34:43.408 ERROR wrapper.py:57 ERROR -1 2104 Market data farm connection is OK:hfarm
(MainThread) 230403_00:34:43.409 ERROR wrapper.py:57 ERROR -1 2104 Market data farm connection is OK:jfarm
(MainThread) 230403_00:35:01.545 ERROR wrapper.py:57 ERROR -1 2104 Market data farm connection is OK:usfuture
(MainThread) 230403_00:35:01.546 ERROR wrapper.py:57 ERROR -1 2104 Market data farm connection is OK:cashfarm
(MainThread) 230403_00:35:01.546 ERROR wrapper.py:57 ERROR -1 2104 Market data farm connection is OK:eufarmnj
(MainThread) 230403_00:35:01.546 ERROR wrapper.py:57 ERROR -1 2104 Market data farm connection is OK:usfarm
(MainThread) 230403_00:35:01.546 ERROR wrapper.py:57 ERROR -1 2106 HMDS data farm connection is OK:euhmds
(MainThread) 230403_00:35:01.546 ERROR wrapper.py:57 ERROR -1 2106 HMDS data farm connection is OK:hkhmds
(MainThread) 230403_00:35:01.547 ERROR wrapper.py:57 ERROR -1 2106 HMDS data farm connection is OK:cashhmds
(MainThread) 230403_00:35:01.547 ERROR wrapper.py:57 ERROR -1 2106 HMDS data farm connection is OK:fundfarm
(MainThread) 230403_00:35:01.547 ERROR wrapper.py:57 ERROR -1 2106 HMDS data farm connection is OK:ushmds
(MainThread) 230403_00:35:01.547 ERROR wrapper.py:57 ERROR -1 2158 Sec-def data farm connection is OK:secdefnj
(MainThread) 230403_00:35:01.548 ERROR wrapper.py:57 ERROR 2783 320 Error reading request. Missing parent order: server: 0 order: 2783 parent: 2782 hedge:[F]
(MainThread) 230403_00:35:01.548 ERROR wrapper.py:57 ERROR 2749 321 Error validating request.-'bS' : cause - The size value cannot be zero:
(MainThread) 230403_00:35:01.548 ERROR wrapper.py:57 ERROR 2748 200 No security definition has been found for the request
(MainThread) 230403_00:35:01.548 ERROR wrapper.py:57 ERROR 2746 10311 This order will be directly routed to ARCA. Direct routed orders may result in higher trade fees. Restriction is specified in Precautionary Settings of Global Configuration/API.
(MainThread) 230403_00:35:01.549 ERROR wrapper.py:57 ERROR 2747 10311 This order will be directly routed to ARCA. Direct routed orders may result in higher trade fees. Restriction is specified in Precautionary Settings of Global Configuration/API.
(MainThread) 230403_00:35:01.549 ERROR wrapper.py:57 ERROR 2751 10311 This order will be directly routed to ARCA. Direct routed orders may result in higher trade fees. Restriction is specified in Precautionary Settings of Global Configuration/API.
(MainThread) 230403_00:35:01.638 ERROR wrapper.py:57 ERROR 2780 10314 Time: The date, time, or time-zone entered is invalid. The correct format is yyyymmdd hh:mm:ss xx/xxxx where yyyymmdd and xx/xxxx are optional. E.g.: 20031126 15:59:00 US/Eastern  Note that there is a space between the date and time, and between the time and time-zone.  If no date is specified, current date is assumed. If no time-zone is specified, local time-zone is assumed(deprecated).  You can also provide yyyymmddd-hh:mm:ss time is in UTC. Note that there is a dash between the date and time in UTC notation.
(MainThread) 230403_00:35:01.677 ERROR wrapper.py:57 ERROR 2752 200 No security definition has been found for the request
(MainThread) 230403_00:35:01.677 ERROR wrapper.py:57 ERROR 2753 200 No security definition has been found for the request
(MainThread) 230403_00:35:01.859 ERROR wrapper.py:57 ERROR 2758 10311 This order will be directly routed to ARCA. Direct routed orders may result in higher trade fees. Restriction is specified in Precautionary Settings of Global Configuration/API.
(MainThread) 230403_00:35:01.862 ERROR wrapper.py:57 ERROR 2760 10311 This order will be directly routed to ARCA. Direct routed orders may result in higher trade fees. Restriction is specified in Precautionary Settings of Global Configuration/API.
(MainThread) 230403_00:35:01.867 ERROR wrapper.py:57 ERROR 2761 10311 This order will be directly routed to ARCA. Direct routed orders may result in higher trade fees. Restriction is specified in Precautionary Settings of Global Configuration/API.
(MainThread) 230403_00:35:01.872 ERROR wrapper.py:57 ERROR 2762 10311 This order will be directly routed to ARCA. Direct routed orders may result in higher trade fees. Restriction is specified in Precautionary Settings of Global Configuration/API.
(MainThread) 230403_00:35:01.879 ERROR wrapper.py:57 ERROR 2763 10311 This order will be directly routed to ARCA. Direct routed orders may result in higher trade fees. Restriction is specified in Precautionary Settings of Global Configuration/API.
(MainThread) 230403_00:35:01.882 ERROR wrapper.py:57 ERROR 2764 10311 This order will be directly routed to ARCA. Direct routed orders may result in higher trade fees. Restriction is specified in Precautionary Settings of Global Configuration/API.
(MainThread) 230403_00:35:01.892 ERROR wrapper.py:57 ERROR 2765 10311 This order will be directly routed to ARCA. Direct routed orders may result in higher trade fees. Restriction is specified in Precautionary Settings of Global Configuration/API.
(MainThread) 230403_00:35:01.923 ERROR wrapper.py:57 ERROR 2771 200 No security definition has been found for the request
(MainThread) 230403_00:35:02.003 ERROR wrapper.py:57 ERROR 2766 10311 This order will be directly routed to ARCA. Direct routed orders may result in higher trade fees. Restriction is specified in Precautionary Settings of Global Configuration/API.
(MainThread) 230403_00:35:02.008 ERROR wrapper.py:57 ERROR 2768 10311 This order will be directly routed to ARCA. Direct routed orders may result in higher trade fees. Restriction is specified in Precautionary Settings of Global Configuration/API.
(MainThread) 230403_00:35:02.009 ERROR wrapper.py:57 ERROR 2769 10311 This order will be directly routed to ARCA. Direct routed orders may result in higher trade fees. Restriction is specified in Precautionary Settings of Global Configuration/API.
(MainThread) 230403_00:35:02.009 ERROR wrapper.py:57 ERROR 2770 10311 This order will be directly routed to ARCA. Direct routed orders may result in higher trade fees. Restriction is specified in Precautionary Settings of Global Configuration/API.
(MainThread) 230403_00:35:02.009 ERROR wrapper.py:57 ERROR 2772 10311 This order will be directly routed to ARCA. Direct routed orders may result in higher trade fees. Restriction is specified in Precautionary Settings of Global Configuration/API.
(MainThread) 230403_00:35:02.009 ERROR wrapper.py:57 ERROR 2773 10311 This order will be directly routed to ARCA. Direct routed orders may result in higher trade fees. Restriction is specified in Precautionary Settings of Global Configuration/API.
(MainThread) 230403_00:35:02.010 ERROR wrapper.py:57 ERROR 2774 10311 This order will be directly routed to ARCA. Direct routed orders may result in higher trade fees. Restriction is specified in Precautionary Settings of Global Configuration/API.
(MainThread) 230403_00:35:02.134 ERROR wrapper.py:57 ERROR 2784 200 The contract description specified for IBM is ambiguous.
(MainThread) 230403_00:35:02.135 ERROR wrapper.py:57 ERROR 2785 200 The contract description specified for IBM is ambiguous.
(MainThread) 230403_00:35:02.135 ERROR wrapper.py:57 ERROR 2786 200 The contract description specified for IBM is ambiguous.
(MainThread) 230403_00:35:02.136 ERROR wrapper.py:57 ERROR 2787 200 The contract description specified for IBM is ambiguous.
(MainThread) 230403_00:35:02.165 ERROR wrapper.py:57 ERROR 2759 200 No security definition has been found for the request
(MainThread) 230403_00:35:02.208 ERROR wrapper.py:57 ERROR 2775 200 No security definition has been found for the request
(MainThread) 230403_00:35:02.209 ERROR wrapper.py:57 ERROR 2767 200 No security definition has been found for the request
(MainThread) 230403_00:35:02.317 ERROR wrapper.py:57 ERROR 2754 200 No security definition has been found for the request
(MainThread) 230403_00:35:02.368 ERROR wrapper.py:57 ERROR 2750 399 Order Message: BUY 200 BMW IBIS Warning: your order will not be placed at the exchange until 2023-04-03 09:00:00 MET
(MainThread) 230403_00:35:02.388 ERROR wrapper.py:57 ERROR 2776 399 Order Message: BUY 100 BMW IBIS Warning: your order will not be placed at the exchange until 2023-04-03 09:00:00 MET
(MainThread) 230403_00:35:02.392 ERROR wrapper.py:57 ERROR 2777 399 Order Message: SELL 100 BMW IBIS Warning: your order will not be placed at the exchange until 2023-04-03 09:00:00 MET
(MainThread) 230403_00:35:02.403 ERROR wrapper.py:57 ERROR 2778 399 Order Message: SELL 100 BMW IBIS Warning: your order will not be placed at the exchange until 2023-04-03 09:00:00 MET
(MainThread) 230403_00:35:02.413 ERROR wrapper.py:57 ERROR 2781 399 Order Message: BUY 100 BMW IBIS Warning: your order will not be placed at the exchange until 2023-04-03 09:00:00 MET
(MainThread) 230403_00:35:02.427 ERROR wrapper.py:57 ERROR 2788 200 The contract description specified for IBM is ambiguous.
(MainThread) 230403_00:35:02.428 ERROR wrapper.py:57 ERROR 2789 200 The contract description specified for IBM is ambiguous.
(MainThread) 230403_00:35:02.428 ERROR wrapper.py:57 ERROR 2790 200 The contract description specified for IBM is ambiguous.
(MainThread) 230403_00:35:02.542 ERROR wrapper.py:57 ERROR 2805 10052 Invalid time in force
(MainThread) 230403_00:35:02.781 ERROR wrapper.py:57 ERROR 2793 200 The contract description specified for IBM is ambiguous.
(MainThread) 230403_00:35:02.782 ERROR wrapper.py:57 ERROR 2794 200 The contract description specified for IBM is ambiguous.
(MainThread) 230403_00:35:02.783 ERROR wrapper.py:57 ERROR 2795 200 The contract description specified for IBM is ambiguous.
(MainThread) 230403_00:35:02.783 ERROR wrapper.py:57 ERROR 2796 200 The contract description specified for IBM is ambiguous.
(MainThread) 230403_00:35:02.784 ERROR wrapper.py:57 ERROR 2797 200 The contract description specified for IBM is ambiguous.
(MainThread) 230403_00:35:02.785 ERROR wrapper.py:57 ERROR 2798 200 The contract description specified for IBM is ambiguous.
(MainThread) 230403_00:35:02.785 ERROR wrapper.py:57 ERROR 2802 200 The contract description specified for IBM is ambiguous.
(MainThread) 230403_00:35:02.786 ERROR wrapper.py:57 ERROR 2803 200 The contract description specified for IBM is ambiguous.
(MainThread) 230403_00:35:02.786 ERROR wrapper.py:57 ERROR 2804 200 The contract description specified for IBM is ambiguous.
(MainThread) 230403_00:35:02.787 ERROR wrapper.py:57 ERROR 2806 200 The contract description specified for IBM is ambiguous.
(MainThread) 230403_00:35:02.795 ERROR wrapper.py:57 ERROR 2801 200 No security definition has been found for the request
(MainThread) 230403_00:35:03.011 ERROR wrapper.py:57 ERROR 2791 200 No security definition has been found for the request
(MainThread) 230403_00:35:03.038 ERROR wrapper.py:57 ERROR 2792 200 No security definition has been found for the request
(MainThread) 230403_00:35:03.103 ERROR wrapper.py:57 ERROR 2800 442 Specified algorithm is not allowed for this order.
(MainThread) 230403_00:35:03.188 ERROR wrapper.py:57 ERROR 2799 442 Specified algorithm is not allowed for this order.
(MainThread) 230403_00:35:03.337 ERROR wrapper.py:57 ERROR 2807 10302 Min trade trade quantity is not allowed for this order
(MainThread) 230403_00:35:03.340 ERROR wrapper.py:57 ERROR 2808 10302 Min trade trade quantity is not allowed for this order
(MainThread) 230403_00:35:03.342 ERROR wrapper.py:57 ERROR 2809 10302 Min trade trade quantity is not allowed for this order
(MainThread) 230403_00:35:03.781 ERROR wrapper.py:57 ERROR 2756 399 Order Message: BUY 1 Combo Warning: your order will not be placed at the exchange until 2023-04-03 09:00:00 MET
(MainThread) 230403_00:35:04.939 ERROR wrapper.py:57 ERROR -1 2104 Market data farm connection is OK:eufarm
(MainThread) 230403_00:35:05.168 ERROR wrapper.py:57 ERROR 2755 399 Order Message: BUY 1 Combo Warning: your order will not be placed at the exchange until 2023-04-03 04:00:00 US/Eastern
(MainThread) 230403_00:35:05.174 ERROR wrapper.py:57 ERROR 2757 399 Order Message: BUY 1 Combo Warning: your order will not be placed at the exchange until 2023-04-03 04:00:00 US/Eastern
(MainThread) 230403_00:35:05.434 ERROR wrapper.py:57 ERROR -1 2104 Market data farm connection is OK:usopt
